<?xml version="1.0" encoding="UTF-8"?>
<testsuites name="jest tests" tests="4" failures="0" errors="0" time="4.973">
  <testsuite name="VendorScripts" errors="0" failures="0" skipped="0" timestamp="2022-07-12T14:37:40" time="2.496" tests="1">
    <testcase classname="VendorScripts renders a Script tag" name="VendorScripts renders a Script tag" time="0.103">
    </testcase>
  </testsuite>
  <testsuite name="Header" errors="0" failures="0" skipped="0" timestamp="2022-07-12T14:37:40" time="2.544" tests="1">
    <testcase classname="Header renders header" name="Header renders header" time="0.157">
    </testcase>
  </testsuite>
  <testsuite name="FooterContainer" errors="0" failures="0" skipped="0" timestamp="2022-07-12T14:37:40" time="2.539" tests="1">
    <testcase classname="FooterContainer renders footer container" name="FooterContainer renders footer container" time="0.081">
    </testcase>
  </testsuite>
  <testsuite name="SearchForm" errors="0" failures="0" skipped="0" timestamp="2022-07-12T14:37:40" time="2.624" tests="1">
    <testcase classname="SearchForm renders footer container" name="SearchForm renders footer container" time="0.091">
    </testcase>
  </testsuite>
</testsuites>